INFO:  ANSI Code Page: 936
INFO:  latexindent.exe version 3.24.4, 2024-07-18, a script to indent .tex files
       latexindent.exe lives here: S:/texlive/2025/bin/windows/
       Wed Aug  6 11:00:22 2025
       Filename: d:\BNU work_study master\Paper\25 VRTI\2025-Manuscript-VRTI\2_ICXR\VRTI-ICXR2025-0728.tex
INFO:  Processing switches:
INFO:  Directory for backup files and log file indent.log:
       d:\BNU work_study master\Paper\25 VRTI\2025-Manuscript-VRTI\2_ICXR
INFO:  YAML settings read: defaultSettings.yaml
       Reading defaultSettings.yaml from S:/texlive/2025/bin/windows/defaultSettings.yaml
       Reading defaultSettings.yaml (2nd attempt) from S:/texlive/2025/bin/windows/../../texmf-dist/scripts/latexindent/defaultSettings.yaml
       and then, if necessary, S:/texlive/2025/bin/windows/LatexIndent/defaultSettings.yaml
INFO:  YAML reading settings
       Home directory is C:\Users\zheliku
       latexindent.pl didn't find indentconfig.yaml or .indentconfig.yaml
       see all possible locations: https://latexindentpl.readthedocs.io/en/latest/sec-appendices.html#indentconfig-options)
INFO:  Phase 1: searching for objects
INFO:  Phase 2: finding surrounding indentation
INFO:  Phase 3: indenting objects
INFO:  Phase 4: final indentation check
INFO:  Output routine:
       Not outputting to file; see -w and -o switches for more options.
       --------------
INFO:  Please direct all communication/issues to:
        https://github.com/cmhughes/latexindent.pl
